{"/Users/yustiyanovyc/dev/paper-rock-scissors/lib/combineReducers.js": {"path":"/Users/yustiyanovyc/dev/paper-rock-scissors/lib/combineReducers.js","statementMap":{"0":{"start":{"line":7,"column":24},"end":{"line":14,"column":1}},"1":{"start":{"line":8,"column":2},"end":{"line":13,"column":4}},"2":{"start":{"line":9,"column":4},"end":{"line":12,"column":11}},"3":{"start":{"line":10,"column":6},"end":{"line":10,"column":57}},"4":{"start":{"line":11,"column":6},"end":{"line":11,"column":23}}},"fnMap":{"0":{"name":"(anonymous_0)","decl":{"start":{"line":7,"column":24},"end":{"line":7,"column":25}},"loc":{"start":{"line":7,"column":36},"end":{"line":14,"column":1}},"line":7},"1":{"name":"(anonymous_1)","decl":{"start":{"line":8,"column":9},"end":{"line":8,"column":10}},"loc":{"start":{"line":8,"column":33},"end":{"line":13,"column":3}},"line":8},"2":{"name":"(anonymous_2)","decl":{"start":{"line":9,"column":40},"end":{"line":9,"column":41}},"loc":{"start":{"line":9,"column":60},"end":{"line":12,"column":5}},"line":9}},"branchMap":{"0":{"loc":{"start":{"line":8,"column":10},"end":{"line":8,"column":20}},"type":"default-arg","locations":[{"start":{"line":8,"column":18},"end":{"line":8,"column":20}}],"line":8}},"s":{"0":5,"1":6,"2":30,"3":58,"4":58},"f":{"0":6,"1":30,"2":58},"b":{"0":[10]},"_coverageSchema":"332fd63041d2c1bcb487cc26dd0d5f7d97098a6c","hash":"b462434f82bb474625639ecb90e4c007a688d0a0"}
,"/Users/yustiyanovyc/dev/paper-rock-scissors/lib/createStore.js": {"path":"/Users/yustiyanovyc/dev/paper-rock-scissors/lib/createStore.js","statementMap":{"0":{"start":{"line":7,"column":20},"end":{"line":32,"column":1}},"1":{"start":{"line":8,"column":18},"end":{"line":8,"column":20}},"2":{"start":{"line":9,"column":21},"end":{"line":9,"column":35}},"3":{"start":{"line":11,"column":19},"end":{"line":11,"column":37}},"4":{"start":{"line":11,"column":25},"end":{"line":11,"column":37}},"5":{"start":{"line":15,"column":19},"end":{"line":18,"column":3}},"6":{"start":{"line":16,"column":4},"end":{"line":16,"column":49}},"7":{"start":{"line":17,"column":4},"end":{"line":17,"column":46}},"8":{"start":{"line":17,"column":34},"end":{"line":17,"column":44}},"9":{"start":{"line":20,"column":20},"end":{"line":27,"column":3}},"10":{"start":{"line":21,"column":4},"end":{"line":21,"column":29}},"11":{"start":{"line":24,"column":4},"end":{"line":26,"column":6}},"12":{"start":{"line":25,"column":6},"end":{"line":25,"column":56}},"13":{"start":{"line":25,"column":40},"end":{"line":25,"column":54}},"14":{"start":{"line":29,"column":2},"end":{"line":29,"column":15}},"15":{"start":{"line":31,"column":2},"end":{"line":31,"column":43}}},"fnMap":{"0":{"name":"(anonymous_0)","decl":{"start":{"line":7,"column":20},"end":{"line":7,"column":21}},"loc":{"start":{"line":7,"column":49},"end":{"line":32,"column":1}},"line":7},"1":{"name":"(anonymous_1)","decl":{"start":{"line":11,"column":19},"end":{"line":11,"column":20}},"loc":{"start":{"line":11,"column":25},"end":{"line":11,"column":37}},"line":11},"2":{"name":"(anonymous_2)","decl":{"start":{"line":15,"column":19},"end":{"line":15,"column":20}},"loc":{"start":{"line":15,"column":29},"end":{"line":18,"column":3}},"line":15},"3":{"name":"(anonymous_3)","decl":{"start":{"line":17,"column":22},"end":{"line":17,"column":23}},"loc":{"start":{"line":17,"column":34},"end":{"line":17,"column":44}},"line":17},"4":{"name":"(anonymous_4)","decl":{"start":{"line":20,"column":20},"end":{"line":20,"column":21}},"loc":{"start":{"line":20,"column":32},"end":{"line":27,"column":3}},"line":20},"5":{"name":"unsubscribe","decl":{"start":{"line":24,"column":20},"end":{"line":24,"column":31}},"loc":{"start":{"line":24,"column":34},"end":{"line":26,"column":5}},"line":24},"6":{"name":"(anonymous_6)","decl":{"start":{"line":25,"column":35},"end":{"line":25,"column":36}},"loc":{"start":{"line":25,"column":40},"end":{"line":25,"column":54}},"line":25}},"branchMap":{},"s":{"0":5,"1":12,"2":12,"3":12,"4":14,"5":12,"6":28,"7":28,"8":0,"9":12,"10":0,"11":0,"12":0,"13":0,"14":12,"15":12},"f":{"0":12,"1":14,"2":28,"3":0,"4":0,"5":0,"6":0},"b":{},"_coverageSchema":"332fd63041d2c1bcb487cc26dd0d5f7d97098a6c","hash":"a0d27290a489097de0bc0d571b2d485aed367092"}
,"/Users/yustiyanovyc/dev/paper-rock-scissors/lib/index.js": {"path":"/Users/yustiyanovyc/dev/paper-rock-scissors/lib/index.js","statementMap":{},"fnMap":{},"branchMap":{},"s":{},"f":{},"b":{},"_coverageSchema":"332fd63041d2c1bcb487cc26dd0d5f7d97098a6c","hash":"de98bd3374521dcab3c98816c1b002b8ff81a774"}
,"/Users/yustiyanovyc/dev/paper-rock-scissors/rps/index.js": {"path":"/Users/yustiyanovyc/dev/paper-rock-scissors/rps/index.js","statementMap":{"0":{"start":{"line":3,"column":15},"end":{"line":3,"column":38}},"1":{"start":{"line":5,"column":20},"end":{"line":25,"column":1}},"2":{"start":{"line":6,"column":2},"end":{"line":14,"column":3}},"3":{"start":{"line":7,"column":21},"end":{"line":11,"column":8}},"4":{"start":{"line":9,"column":19},"end":{"line":9,"column":33}},"5":{"start":{"line":13,"column":4},"end":{"line":13,"column":34}},"6":{"start":{"line":16,"column":2},"end":{"line":22,"column":3}},"7":{"start":{"line":17,"column":21},"end":{"line":20,"column":8}},"8":{"start":{"line":18,"column":19},"end":{"line":18,"column":33}},"9":{"start":{"line":21,"column":4},"end":{"line":21,"column":34}},"10":{"start":{"line":24,"column":2},"end":{"line":24,"column":40}},"11":{"start":{"line":28,"column":30},"end":{"line":41,"column":1}},"12":{"start":{"line":29,"column":2},"end":{"line":36,"column":3}},"13":{"start":{"line":30,"column":21},"end":{"line":33,"column":8}},"14":{"start":{"line":31,"column":19},"end":{"line":31,"column":33}},"15":{"start":{"line":35,"column":4},"end":{"line":35,"column":34}},"16":{"start":{"line":38,"column":24},"end":{"line":38,"column":46}},"17":{"start":{"line":40,"column":2},"end":{"line":40,"column":45}},"18":{"start":{"line":43,"column":34},"end":{"line":48,"column":1}},"19":{"start":{"line":44,"column":27},"end":{"line":44,"column":49}},"20":{"start":{"line":45,"column":27},"end":{"line":45,"column":49}},"21":{"start":{"line":47,"column":2},"end":{"line":47,"column":56}},"22":{"start":{"line":50,"column":23},"end":{"line":50,"column":82}},"23":{"start":{"line":50,"column":33},"end":{"line":50,"column":82}}},"fnMap":{"0":{"name":"(anonymous_0)","decl":{"start":{"line":5,"column":20},"end":{"line":5,"column":21}},"loc":{"start":{"line":5,"column":32},"end":{"line":25,"column":1}},"line":5},"1":{"name":"(anonymous_1)","decl":{"start":{"line":9,"column":14},"end":{"line":9,"column":15}},"loc":{"start":{"line":9,"column":19},"end":{"line":9,"column":33}},"line":9},"2":{"name":"(anonymous_2)","decl":{"start":{"line":18,"column":14},"end":{"line":18,"column":15}},"loc":{"start":{"line":18,"column":19},"end":{"line":18,"column":33}},"line":18},"3":{"name":"(anonymous_3)","decl":{"start":{"line":28,"column":30},"end":{"line":28,"column":31}},"loc":{"start":{"line":28,"column":36},"end":{"line":41,"column":1}},"line":28},"4":{"name":"(anonymous_4)","decl":{"start":{"line":31,"column":14},"end":{"line":31,"column":15}},"loc":{"start":{"line":31,"column":19},"end":{"line":31,"column":33}},"line":31},"5":{"name":"(anonymous_5)","decl":{"start":{"line":43,"column":34},"end":{"line":43,"column":35}},"loc":{"start":{"line":43,"column":40},"end":{"line":48,"column":1}},"line":43},"6":{"name":"(anonymous_6)","decl":{"start":{"line":50,"column":23},"end":{"line":50,"column":24}},"loc":{"start":{"line":50,"column":33},"end":{"line":50,"column":82}},"line":50}},"branchMap":{"0":{"loc":{"start":{"line":6,"column":2},"end":{"line":14,"column":3}},"type":"if","locations":[{"start":{"line":6,"column":2},"end":{"line":14,"column":3}},{"start":{"line":6,"column":2},"end":{"line":14,"column":3}}],"line":6},"1":{"loc":{"start":{"line":6,"column":6},"end":{"line":6,"column":40}},"type":"binary-expr","locations":[{"start":{"line":6,"column":6},"end":{"line":6,"column":15}},{"start":{"line":6,"column":19},"end":{"line":6,"column":40}}],"line":6},"2":{"loc":{"start":{"line":16,"column":2},"end":{"line":22,"column":3}},"type":"if","locations":[{"start":{"line":16,"column":2},"end":{"line":22,"column":3}},{"start":{"line":16,"column":2},"end":{"line":22,"column":3}}],"line":16},"3":{"loc":{"start":{"line":16,"column":6},"end":{"line":16,"column":40}},"type":"binary-expr","locations":[{"start":{"line":16,"column":6},"end":{"line":16,"column":15}},{"start":{"line":16,"column":19},"end":{"line":16,"column":40}}],"line":16},"4":{"loc":{"start":{"line":29,"column":2},"end":{"line":36,"column":3}},"type":"if","locations":[{"start":{"line":29,"column":2},"end":{"line":36,"column":3}},{"start":{"line":29,"column":2},"end":{"line":36,"column":3}}],"line":29},"5":{"loc":{"start":{"line":29,"column":6},"end":{"line":29,"column":40}},"type":"binary-expr","locations":[{"start":{"line":29,"column":6},"end":{"line":29,"column":15}},{"start":{"line":29,"column":19},"end":{"line":29,"column":40}}],"line":29}},"s":{"0":1,"1":1,"2":12,"3":0,"4":0,"5":0,"6":12,"7":3,"8":9,"9":3,"10":9,"11":1,"12":1,"13":0,"14":0,"15":0,"16":1,"17":1,"18":1,"19":1,"20":1,"21":1,"22":1,"23":3},"f":{"0":12,"1":0,"2":9,"3":1,"4":0,"5":1,"6":3},"b":{"0":[0,12],"1":[12,12],"2":[3,9],"3":[12,12],"4":[0,1],"5":[1,1]},"_coverageSchema":"332fd63041d2c1bcb487cc26dd0d5f7d97098a6c","hash":"c885e489b7ce83ad8b91a8dc080192d43e9358b2"}
,"/Users/yustiyanovyc/dev/paper-rock-scissors/rps/result.js": {"path":"/Users/yustiyanovyc/dev/paper-rock-scissors/rps/result.js","statementMap":{},"fnMap":{},"branchMap":{},"s":{},"f":{},"b":{},"_coverageSchema":"332fd63041d2c1bcb487cc26dd0d5f7d97098a6c","hash":"759e9d53b04fa3b83ca8d5552d29f73a5ed95c1b"}
,"/Users/yustiyanovyc/dev/paper-rock-scissors/rps/strategies/index.js": {"path":"/Users/yustiyanovyc/dev/paper-rock-scissors/rps/strategies/index.js","statementMap":{},"fnMap":{},"branchMap":{},"s":{},"f":{},"b":{},"_coverageSchema":"332fd63041d2c1bcb487cc26dd0d5f7d97098a6c","hash":"6d6cd8f29d3378ef7a1392fb148f311662bef90f"}
,"/Users/yustiyanovyc/dev/paper-rock-scissors/rps/strategies/paper.js": {"path":"/Users/yustiyanovyc/dev/paper-rock-scissors/rps/strategies/paper.js","statementMap":{"0":{"start":{"line":4,"column":2},"end":{"line":8,"column":11}}},"fnMap":{"0":{"name":"(anonymous_0)","decl":{"start":{"line":3,"column":15},"end":{"line":3,"column":16}},"loc":{"start":{"line":3,"column":31},"end":{"line":9,"column":1}},"line":3}},"branchMap":{},"s":{"0":3},"f":{"0":3},"b":{},"_coverageSchema":"332fd63041d2c1bcb487cc26dd0d5f7d97098a6c","hash":"4f6f6f11b9dcc2e32b332dfd77ec0d9543d4739f"}
,"/Users/yustiyanovyc/dev/paper-rock-scissors/rps/strategies/rock.js": {"path":"/Users/yustiyanovyc/dev/paper-rock-scissors/rps/strategies/rock.js","statementMap":{"0":{"start":{"line":4,"column":2},"end":{"line":8,"column":11}}},"fnMap":{"0":{"name":"(anonymous_0)","decl":{"start":{"line":3,"column":15},"end":{"line":3,"column":16}},"loc":{"start":{"line":3,"column":31},"end":{"line":9,"column":1}},"line":3}},"branchMap":{},"s":{"0":5},"f":{"0":5},"b":{},"_coverageSchema":"332fd63041d2c1bcb487cc26dd0d5f7d97098a6c","hash":"670cee4dfe2a3b8b925b5b95288495f8b9ec4694"}
,"/Users/yustiyanovyc/dev/paper-rock-scissors/rps/strategies/scissors.js": {"path":"/Users/yustiyanovyc/dev/paper-rock-scissors/rps/strategies/scissors.js","statementMap":{"0":{"start":{"line":4,"column":2},"end":{"line":8,"column":11}}},"fnMap":{"0":{"name":"(anonymous_0)","decl":{"start":{"line":3,"column":15},"end":{"line":3,"column":16}},"loc":{"start":{"line":3,"column":31},"end":{"line":9,"column":1}},"line":3}},"branchMap":{},"s":{"0":3},"f":{"0":3},"b":{},"_coverageSchema":"332fd63041d2c1bcb487cc26dd0d5f7d97098a6c","hash":"f45e4d5f7d8ee783174ad999e0a2d7c7b388ac32"}
,"/Users/yustiyanovyc/dev/paper-rock-scissors/src/actions/game.js": {"path":"/Users/yustiyanovyc/dev/paper-rock-scissors/src/actions/game.js","statementMap":{"0":{"start":{"line":13,"column":31},"end":{"line":18,"column":2}},"1":{"start":{"line":13,"column":48},"end":{"line":18,"column":1}},"2":{"start":{"line":20,"column":32},"end":{"line":25,"column":2}},"3":{"start":{"line":20,"column":49},"end":{"line":25,"column":1}},"4":{"start":{"line":27,"column":25},"end":{"line":32,"column":2}},"5":{"start":{"line":27,"column":32},"end":{"line":32,"column":1}},"6":{"start":{"line":34,"column":23},"end":{"line":39,"column":2}},"7":{"start":{"line":34,"column":30},"end":{"line":39,"column":1}},"8":{"start":{"line":41,"column":27},"end":{"line":53,"column":2}},"9":{"start":{"line":41,"column":34},"end":{"line":53,"column":1}},"10":{"start":{"line":55,"column":30},"end":{"line":60,"column":2}},"11":{"start":{"line":55,"column":51},"end":{"line":60,"column":1}},"12":{"start":{"line":62,"column":29},"end":{"line":67,"column":2}},"13":{"start":{"line":62,"column":56},"end":{"line":67,"column":1}},"14":{"start":{"line":69,"column":29},"end":{"line":74,"column":2}},"15":{"start":{"line":69,"column":56},"end":{"line":74,"column":1}},"16":{"start":{"line":76,"column":27},"end":{"line":81,"column":2}},"17":{"start":{"line":76,"column":37},"end":{"line":81,"column":1}}},"fnMap":{"0":{"name":"(anonymous_0)","decl":{"start":{"line":13,"column":31},"end":{"line":13,"column":32}},"loc":{"start":{"line":13,"column":48},"end":{"line":18,"column":1}},"line":13},"1":{"name":"(anonymous_1)","decl":{"start":{"line":20,"column":32},"end":{"line":20,"column":33}},"loc":{"start":{"line":20,"column":49},"end":{"line":25,"column":1}},"line":20},"2":{"name":"(anonymous_2)","decl":{"start":{"line":27,"column":25},"end":{"line":27,"column":26}},"loc":{"start":{"line":27,"column":32},"end":{"line":32,"column":1}},"line":27},"3":{"name":"(anonymous_3)","decl":{"start":{"line":34,"column":23},"end":{"line":34,"column":24}},"loc":{"start":{"line":34,"column":30},"end":{"line":39,"column":1}},"line":34},"4":{"name":"(anonymous_4)","decl":{"start":{"line":41,"column":27},"end":{"line":41,"column":28}},"loc":{"start":{"line":41,"column":34},"end":{"line":53,"column":1}},"line":41},"5":{"name":"(anonymous_5)","decl":{"start":{"line":55,"column":30},"end":{"line":55,"column":31}},"loc":{"start":{"line":55,"column":51},"end":{"line":60,"column":1}},"line":55},"6":{"name":"(anonymous_6)","decl":{"start":{"line":62,"column":29},"end":{"line":62,"column":30}},"loc":{"start":{"line":62,"column":56},"end":{"line":67,"column":1}},"line":62},"7":{"name":"(anonymous_7)","decl":{"start":{"line":69,"column":29},"end":{"line":69,"column":30}},"loc":{"start":{"line":69,"column":56},"end":{"line":74,"column":1}},"line":69},"8":{"name":"(anonymous_8)","decl":{"start":{"line":76,"column":27},"end":{"line":76,"column":28}},"loc":{"start":{"line":76,"column":37},"end":{"line":81,"column":1}},"line":76}},"branchMap":{},"s":{"0":4,"1":1,"2":4,"3":2,"4":4,"5":3,"6":4,"7":2,"8":4,"9":1,"10":4,"11":3,"12":4,"13":4,"14":4,"15":4,"16":4,"17":5},"f":{"0":1,"1":2,"2":3,"3":2,"4":1,"5":3,"6":4,"7":4,"8":5},"b":{},"_coverageSchema":"332fd63041d2c1bcb487cc26dd0d5f7d97098a6c","hash":"83b7e502a6650f8a9de3bcceafdb779a0de65d3a"}
,"/Users/yustiyanovyc/dev/paper-rock-scissors/src/actions/index.js": {"path":"/Users/yustiyanovyc/dev/paper-rock-scissors/src/actions/index.js","statementMap":{},"fnMap":{},"branchMap":{},"s":{},"f":{},"b":{},"_coverageSchema":"332fd63041d2c1bcb487cc26dd0d5f7d97098a6c","hash":"ffbbfdd08665d44c4746a70ebe884b2f7148c78e"}
,"/Users/yustiyanovyc/dev/paper-rock-scissors/src/constants/index.js": {"path":"/Users/yustiyanovyc/dev/paper-rock-scissors/src/constants/index.js","statementMap":{"0":{"start":{"line":1,"column":34},"end":{"line":1,"column":54}},"1":{"start":{"line":2,"column":26},"end":{"line":2,"column":38}},"2":{"start":{"line":3,"column":24},"end":{"line":3,"column":34}},"3":{"start":{"line":4,"column":28},"end":{"line":4,"column":42}},"4":{"start":{"line":5,"column":41},"end":{"line":5,"column":68}},"5":{"start":{"line":6,"column":41},"end":{"line":6,"column":68}},"6":{"start":{"line":7,"column":28},"end":{"line":7,"column":42}},"7":{"start":{"line":8,"column":34},"end":{"line":8,"column":50}},"8":{"start":{"line":9,"column":34},"end":{"line":9,"column":54}}},"fnMap":{},"branchMap":{},"s":{"0":5,"1":5,"2":5,"3":5,"4":5,"5":5,"6":5,"7":5,"8":5},"f":{},"b":{},"_coverageSchema":"332fd63041d2c1bcb487cc26dd0d5f7d97098a6c","hash":"8e8e652d4689b6fe5af6f93e024941c75c397302"}
,"/Users/yustiyanovyc/dev/paper-rock-scissors/src/reducers/game.js": {"path":"/Users/yustiyanovyc/dev/paper-rock-scissors/src/reducers/game.js","statementMap":{"0":{"start":{"line":12,"column":21},"end":{"line":21,"column":1}},"1":{"start":{"line":24,"column":2},"end":{"line":72,"column":3}},"2":{"start":{"line":26,"column":6},"end":{"line":29,"column":8}},"3":{"start":{"line":31,"column":6},"end":{"line":34,"column":8}},"4":{"start":{"line":36,"column":6},"end":{"line":44,"column":8}},"5":{"start":{"line":46,"column":6},"end":{"line":49,"column":8}},"6":{"start":{"line":51,"column":6},"end":{"line":54,"column":8}},"7":{"start":{"line":56,"column":6},"end":{"line":59,"column":8}},"8":{"start":{"line":61,"column":6},"end":{"line":64,"column":7}},"9":{"start":{"line":66,"column":6},"end":{"line":69,"column":8}},"10":{"start":{"line":71,"column":6},"end":{"line":71,"column":19}}},"fnMap":{"0":{"name":"(anonymous_0)","decl":{"start":{"line":23,"column":15},"end":{"line":23,"column":16}},"loc":{"start":{"line":23,"column":49},"end":{"line":73,"column":1}},"line":23}},"branchMap":{"0":{"loc":{"start":{"line":23,"column":16},"end":{"line":23,"column":36}},"type":"default-arg","locations":[{"start":{"line":23,"column":24},"end":{"line":23,"column":36}}],"line":23},"1":{"loc":{"start":{"line":24,"column":2},"end":{"line":72,"column":3}},"type":"switch","locations":[{"start":{"line":25,"column":4},"end":{"line":29,"column":8}},{"start":{"line":30,"column":4},"end":{"line":34,"column":8}},{"start":{"line":35,"column":4},"end":{"line":44,"column":8}},{"start":{"line":45,"column":4},"end":{"line":49,"column":8}},{"start":{"line":50,"column":4},"end":{"line":54,"column":8}},{"start":{"line":55,"column":4},"end":{"line":59,"column":8}},{"start":{"line":60,"column":4},"end":{"line":64,"column":7}},{"start":{"line":65,"column":4},"end":{"line":69,"column":8}},{"start":{"line":70,"column":4},"end":{"line":71,"column":19}}],"line":24}},"s":{"0":4,"1":27,"2":2,"3":1,"4":0,"5":3,"6":3,"7":0,"8":1,"9":4,"10":13},"f":{"0":27},"b":{"0":[11],"1":[2,1,0,3,3,0,1,4,13]},"_coverageSchema":"332fd63041d2c1bcb487cc26dd0d5f7d97098a6c","hash":"4cdf47334fa41105e525caa9705f3d643dbb8ac2"}
,"/Users/yustiyanovyc/dev/paper-rock-scissors/src/reducers/index.js": {"path":"/Users/yustiyanovyc/dev/paper-rock-scissors/src/reducers/index.js","statementMap":{},"fnMap":{},"branchMap":{},"s":{},"f":{},"b":{},"_coverageSchema":"332fd63041d2c1bcb487cc26dd0d5f7d97098a6c","hash":"4ccea180f92548679e33d5e24acb60000fc89ece"}
,"/Users/yustiyanovyc/dev/paper-rock-scissors/src/reducers/settings.js": {"path":"/Users/yustiyanovyc/dev/paper-rock-scissors/src/reducers/settings.js","statementMap":{"0":{"start":{"line":5,"column":21},"end":{"line":9,"column":1}},"1":{"start":{"line":12,"column":2},"end":{"line":20,"column":3}},"2":{"start":{"line":14,"column":6},"end":{"line":17,"column":8}},"3":{"start":{"line":19,"column":6},"end":{"line":19,"column":19}}},"fnMap":{"0":{"name":"(anonymous_0)","decl":{"start":{"line":11,"column":15},"end":{"line":11,"column":16}},"loc":{"start":{"line":11,"column":49},"end":{"line":21,"column":1}},"line":11}},"branchMap":{"0":{"loc":{"start":{"line":11,"column":16},"end":{"line":11,"column":36}},"type":"default-arg","locations":[{"start":{"line":11,"column":24},"end":{"line":11,"column":36}}],"line":11},"1":{"loc":{"start":{"line":12,"column":2},"end":{"line":20,"column":3}},"type":"switch","locations":[{"start":{"line":13,"column":4},"end":{"line":17,"column":8}},{"start":{"line":18,"column":4},"end":{"line":19,"column":19}}],"line":12}},"s":{"0":4,"1":27,"2":2,"3":25},"f":{"0":27},"b":{"0":[11],"1":[2,25]},"_coverageSchema":"332fd63041d2c1bcb487cc26dd0d5f7d97098a6c","hash":"b5e91a5204a2e73d76f891c3b92f626d19b74c69"}
,"/Users/yustiyanovyc/dev/paper-rock-scissors/src/store/index.js": {"path":"/Users/yustiyanovyc/dev/paper-rock-scissors/src/store/index.js","statementMap":{"0":{"start":{"line":5,"column":2},"end":{"line":5,"column":30}}},"fnMap":{"0":{"name":"configureStore","decl":{"start":{"line":4,"column":24},"end":{"line":4,"column":38}},"loc":{"start":{"line":4,"column":42},"end":{"line":6,"column":1}},"line":4}},"branchMap":{},"s":{"0":9},"f":{"0":9},"b":{},"_coverageSchema":"332fd63041d2c1bcb487cc26dd0d5f7d97098a6c","hash":"2b7523f4388cb85c5501cd7cb637749c733f24d4"}
}
