TN:
SF:/Users/yustiyanovyc/dev/paper-rock-scissors/lib/combineReducers.js
FN:7,(anonymous_0)
FN:8,(anonymous_1)
FN:9,(anonymous_2)
FNF:3
FNH:3
FNDA:6,(anonymous_0)
FNDA:30,(anonymous_1)
FNDA:58,(anonymous_2)
DA:7,5
DA:8,6
DA:9,30
DA:10,58
DA:11,58
LF:5
LH:5
BRDA:8,0,0,10
BRF:1
BRH:1
end_of_record
TN:
SF:/Users/yustiyanovyc/dev/paper-rock-scissors/lib/createStore.js
FN:7,(anonymous_0)
FN:11,(anonymous_1)
FN:15,(anonymous_2)
FN:17,(anonymous_3)
FN:20,(anonymous_4)
FN:24,unsubscribe
FN:25,(anonymous_6)
FNF:7
FNH:3
FNDA:12,(anonymous_0)
FNDA:14,(anonymous_1)
FNDA:28,(anonymous_2)
FNDA:0,(anonymous_3)
FNDA:0,(anonymous_4)
FNDA:0,unsubscribe
FNDA:0,(anonymous_6)
DA:7,5
DA:8,12
DA:9,12
DA:11,14
DA:15,12
DA:16,28
DA:17,28
DA:20,12
DA:21,0
DA:24,0
DA:25,0
DA:29,12
DA:31,12
LF:13
LH:10
BRF:0
BRH:0
end_of_record
TN:
SF:/Users/yustiyanovyc/dev/paper-rock-scissors/lib/index.js
FNF:0
FNH:0
LF:0
LH:0
BRF:0
BRH:0
end_of_record
TN:
SF:/Users/yustiyanovyc/dev/paper-rock-scissors/rps/index.js
FN:5,(anonymous_0)
FN:9,(anonymous_1)
FN:18,(anonymous_2)
FN:28,(anonymous_3)
FN:31,(anonymous_4)
FN:43,(anonymous_5)
FN:50,(anonymous_6)
FNF:7
FNH:5
FNDA:12,(anonymous_0)
FNDA:0,(anonymous_1)
FNDA:9,(anonymous_2)
FNDA:1,(anonymous_3)
FNDA:0,(anonymous_4)
FNDA:1,(anonymous_5)
FNDA:3,(anonymous_6)
DA:3,1
DA:5,1
DA:6,12
DA:7,0
DA:9,0
DA:13,0
DA:16,12
DA:17,3
DA:18,9
DA:21,3
DA:24,9
DA:28,1
DA:29,1
DA:30,0
DA:31,0
DA:35,0
DA:38,1
DA:40,1
DA:43,1
DA:44,1
DA:45,1
DA:47,1
DA:50,3
LF:23
LH:17
BRDA:6,0,0,0
BRDA:6,0,1,12
BRDA:6,1,0,12
BRDA:6,1,1,12
BRDA:16,2,0,3
BRDA:16,2,1,9
BRDA:16,3,0,12
BRDA:16,3,1,12
BRDA:29,4,0,0
BRDA:29,4,1,1
BRDA:29,5,0,1
BRDA:29,5,1,1
BRF:12
BRH:10
end_of_record
TN:
SF:/Users/yustiyanovyc/dev/paper-rock-scissors/rps/result.js
FNF:0
FNH:0
LF:0
LH:0
BRF:0
BRH:0
end_of_record
TN:
SF:/Users/yustiyanovyc/dev/paper-rock-scissors/rps/strategies/index.js
FNF:0
FNH:0
LF:0
LH:0
BRF:0
BRH:0
end_of_record
TN:
SF:/Users/yustiyanovyc/dev/paper-rock-scissors/rps/strategies/paper.js
FN:3,(anonymous_0)
FNF:1
FNH:1
FNDA:3,(anonymous_0)
DA:4,3
LF:1
LH:1
BRF:0
BRH:0
end_of_record
TN:
SF:/Users/yustiyanovyc/dev/paper-rock-scissors/rps/strategies/rock.js
FN:3,(anonymous_0)
FNF:1
FNH:1
FNDA:5,(anonymous_0)
DA:4,5
LF:1
LH:1
BRF:0
BRH:0
end_of_record
TN:
SF:/Users/yustiyanovyc/dev/paper-rock-scissors/rps/strategies/scissors.js
FN:3,(anonymous_0)
FNF:1
FNH:1
FNDA:3,(anonymous_0)
DA:4,3
LF:1
LH:1
BRF:0
BRH:0
end_of_record
TN:
SF:/Users/yustiyanovyc/dev/paper-rock-scissors/src/actions/game.js
FN:13,(anonymous_0)
FN:20,(anonymous_1)
FN:27,(anonymous_2)
FN:34,(anonymous_3)
FN:41,(anonymous_4)
FN:55,(anonymous_5)
FN:62,(anonymous_6)
FN:69,(anonymous_7)
FN:76,(anonymous_8)
FNF:9
FNH:9
FNDA:1,(anonymous_0)
FNDA:2,(anonymous_1)
FNDA:3,(anonymous_2)
FNDA:2,(anonymous_3)
FNDA:1,(anonymous_4)
FNDA:3,(anonymous_5)
FNDA:4,(anonymous_6)
FNDA:4,(anonymous_7)
FNDA:5,(anonymous_8)
DA:13,4
DA:20,4
DA:27,4
DA:34,4
DA:41,4
DA:55,4
DA:62,4
DA:69,4
DA:76,5
LF:9
LH:9
BRF:0
BRH:0
end_of_record
TN:
SF:/Users/yustiyanovyc/dev/paper-rock-scissors/src/actions/index.js
FNF:0
FNH:0
LF:0
LH:0
BRF:0
BRH:0
end_of_record
TN:
SF:/Users/yustiyanovyc/dev/paper-rock-scissors/src/constants/index.js
FNF:0
FNH:0
DA:1,5
DA:2,5
DA:3,5
DA:4,5
DA:5,5
DA:6,5
DA:7,5
DA:8,5
DA:9,5
LF:9
LH:9
BRF:0
BRH:0
end_of_record
TN:
SF:/Users/yustiyanovyc/dev/paper-rock-scissors/src/reducers/game.js
FN:23,(anonymous_0)
FNF:1
FNH:1
FNDA:27,(anonymous_0)
DA:12,4
DA:24,27
DA:26,2
DA:31,1
DA:36,0
DA:46,3
DA:51,3
DA:56,0
DA:61,1
DA:66,4
DA:71,13
LF:11
LH:9
BRDA:23,0,0,11
BRDA:24,1,0,2
BRDA:24,1,1,1
BRDA:24,1,2,0
BRDA:24,1,3,3
BRDA:24,1,4,3
BRDA:24,1,5,0
BRDA:24,1,6,1
BRDA:24,1,7,4
BRDA:24,1,8,13
BRF:10
BRH:8
end_of_record
TN:
SF:/Users/yustiyanovyc/dev/paper-rock-scissors/src/reducers/index.js
FNF:0
FNH:0
LF:0
LH:0
BRF:0
BRH:0
end_of_record
TN:
SF:/Users/yustiyanovyc/dev/paper-rock-scissors/src/reducers/settings.js
FN:11,(anonymous_0)
FNF:1
FNH:1
FNDA:27,(anonymous_0)
DA:5,4
DA:12,27
DA:14,2
DA:19,25
LF:4
LH:4
BRDA:11,0,0,11
BRDA:12,1,0,2
BRDA:12,1,1,25
BRF:3
BRH:3
end_of_record
TN:
SF:/Users/yustiyanovyc/dev/paper-rock-scissors/src/store/index.js
FN:4,configureStore
FNF:1
FNH:1
FNDA:9,configureStore
DA:5,9
LF:1
LH:1
BRF:0
BRH:0
end_of_record
